New log file opened at Thu Dec 10 15:24:55 CST 2015 by 1281@china-015deiMac.local
Sending msg to client play-fork-run-a6061103-ff25-478a-aa84-4c249596bfed: DetachedLogEvent(LogMessage(debug,sbt server socket logs are in: /Users/china_015/GitHub/RaBhome/.sbtserver/connections/master.log))
Sending msg to client play-fork-run-a6061103-ff25-478a-aa84-4c249596bfed: DetachedLogEvent(LogMessage(debug,sbt general server logs are in: /Users/china_015/GitHub/RaBhome/.sbtserver/master.log))
Sending msg to client play-fork-run-a6061103-ff25-478a-aa84-4c249596bfed: DetachedLogEvent(LogMessage(debug,sbt client logs are in: /Users/china_015/GitHub/RaBhome/.sbtserver/connections/play-fork-run-a6061103-ff25-478a-aa84-4c249596bfed.log))
Reading next message from client.
Got request: DaemonRequest(true)
Reading next message from client.
Sending msg to client play-fork-run-a6061103-ff25-478a-aa84-4c249596bfed: (3,ReceivedResponse())
Got request: ListenToEvents()
Reading next message from client.
Sending msg to client play-fork-run-a6061103-ff25-478a-aa84-4c249596bfed: BackgroundJobStarted(6,BackgroundJobInfo(1,backgroundRun,AttributeKey[sbt.BackgroundJobHandle]("backgroundRun") in Scope(Build: file:/Users/china_015/GitHub/RaBhome/, , Project: ProjectReference(file:/Users/china_015/GitHub/RaBhome/,root), Config: compile)))
Sending msg to client play-fork-run-a6061103-ff25-478a-aa84-4c249596bfed: (4,ReceivedResponse())
Got request: KeyLookupRequest(root/playForkConfig)
Reading next message from client.
Sending msg to client play-fork-run-a6061103-ff25-478a-aa84-4c249596bfed: (5,KeyLookupResponse(root/playForkConfig,Vector(AttributeKey[play.forkrun.protocol.ForkConfig]("playForkConfig") in Scope(Build: file:/Users/china_015/GitHub/RaBhome/, , Project: ProjectReference(file:/Users/china_015/GitHub/RaBhome/,root)))))
Got request: ListenToValue(AttributeKey[play.forkrun.protocol.ForkConfig]("playForkConfig") in Scope(Build: file:/Users/china_015/GitHub/RaBhome/, , Project: ProjectReference(file:/Users/china_015/GitHub/RaBhome/,root)))
Reading next message from client.
Sending msg to client play-fork-run-a6061103-ff25-478a-aa84-4c249596bfed: (6,ReceivedResponse())
Got request: KeyExecutionRequest(AttributeKey[play.forkrun.protocol.ForkConfig]("playForkConfig") in Scope(Build: file:/Users/china_015/GitHub/RaBhome/, , Project: ProjectReference(file:/Users/china_015/GitHub/RaBhome/,root)))
Reading next message from client.
Sending msg to client play-fork-run-a6061103-ff25-478a-aa84-4c249596bfed: (7,ExecutionRequestReceived(7))
Sending msg to client play-fork-run-a6061103-ff25-478a-aa84-4c249596bfed: ExecutionWaiting(7,{file:/Users/china_015/GitHub/RaBhome/}root/*:playForkConfig,ClientInfo(a6061103-ff25-478a-aa84-4c249596bfed,play-fork-run,Play Fork Run,1,Vector()))
Sending msg to client play-fork-run-a6061103-ff25-478a-aa84-4c249596bfed: ExecutionStarting(7)
Sending msg to client play-fork-run-a6061103-ff25-478a-aa84-4c249596bfed: DetachedLogEvent(LogMessage(debug,> {file:/Users/china_015/GitHub/RaBhome/}root/*:playForkConfig))
Sending msg to client play-fork-run-a6061103-ff25-478a-aa84-4c249596bfed: DetachedLogEvent(LogMessage(debug,Evaluating tasks: *:playForkConfig))
Sending msg to client play-fork-run-a6061103-ff25-478a-aa84-4c249596bfed: DetachedLogEvent(LogMessage(debug,Running task... Cancel: sbt.server.ServerTaskCancellation@43953a10, check cycles: false))
Sending msg to client play-fork-run-a6061103-ff25-478a-aa84-4c249596bfed: DetachedLogEvent(LogMessage(debug,cancel strategy start enabled=true lastCommand=Some(LastCommand(CommandExecutionWork(ExecutionId(7),{file:/Users/china_015/GitHub/RaBhome/}root/*:playForkConfig,Set(LiveClient(play-fork-run a6061103-ff25-478a-aa84-4c249596bfed)),sbt.server.WorkCancellationStatus$$anon$1@688666ae)))))
Sending msg to client play-fork-run-a6061103-ff25-478a-aa84-4c249596bfed: TaskStarted(7,430,None)
Sending msg to client play-fork-run-a6061103-ff25-478a-aa84-4c249596bfed: TaskStarted(7,441,None)
Sending msg to client play-fork-run-a6061103-ff25-478a-aa84-4c249596bfed: TaskStarted(7,444,None)
Sending msg to client play-fork-run-a6061103-ff25-478a-aa84-4c249596bfed: TaskStarted(7,448,Some(AttributeKey[java.lang.String]("updateCacheName") in Scope(Build: file:/Users/china_015/GitHub/RaBhome/, , Project: ProjectReference(file:/Users/china_015/GitHub/RaBhome/,root))))
Sending msg to client play-fork-run-a6061103-ff25-478a-aa84-4c249596bfed: TaskStarted(7,449,Some(AttributeKey[boolean]("skip") in Scope(Global)))
Sending msg to client play-fork-run-a6061103-ff25-478a-aa84-4c249596bfed: TaskStarted(7,451,None)
Sending msg to client play-fork-run-a6061103-ff25-478a-aa84-4c249596bfed: TaskStarted(7,452,None)
Sending msg to client play-fork-run-a6061103-ff25-478a-aa84-4c249596bfed: TaskStarted(7,461,Some(AttributeKey[scala.collection.Seq[sbt.Resolver]]("externalResolvers") in Scope(Build: file:/Users/china_015/GitHub/RaBhome/, , Project: ProjectReference(file:/Users/china_015/GitHub/RaBhome/,root))))
Sending msg to client play-fork-run-a6061103-ff25-478a-aa84-4c249596bfed: TaskStarted(7,465,Some(AttributeKey[scala.Option[scala.collection.Seq[sbt.Resolver]]]("bootResolvers") in Scope(Build: file:/Users/china_015/GitHub/RaBhome/, , Project: ProjectReference(file:/Users/china_015/GitHub/RaBhome/,root))))
Sending msg to client play-fork-run-a6061103-ff25-478a-aa84-4c249596bfed: TaskStarted(7,467,Some(AttributeKey[scala.collection.Seq[sbt.Credentials]]("credentials") in Scope(Global)))
Sending msg to client play-fork-run-a6061103-ff25-478a-aa84-4c249596bfed: TaskStarted(7,469,None)
Sending msg to client play-fork-run-a6061103-ff25-478a-aa84-4c249596bfed: TaskStarted(7,470,None)
Sending msg to client play-fork-run-a6061103-ff25-478a-aa84-4c249596bfed: TaskStarted(7,475,Some(AttributeKey[scala.collection.Seq[java.lang.String]]("javaOptions") in Scope(Global)))
Sending msg to client play-fork-run-a6061103-ff25-478a-aa84-4c249596bfed: TaskStarted(7,476,Some(AttributeKey[scala.Option[java.lang.String]]("mainClass") in Scope(Build: file:/Users/china_015/GitHub/RaBhome/, , Project: ProjectReference(file:/Users/china_015/GitHub/RaBhome/,root), Config: compile, Task: AttributeKey[void]("run"))))
Sending msg to client play-fork-run-a6061103-ff25-478a-aa84-4c249596bfed: TaskStarted(7,478,Some(AttributeKey[scala.Tuple2[java.lang.String,java.io.File]]("playPrefixAndAssets") in Scope(Build: file:/Users/china_015/GitHub/RaBhome/, , Project: ProjectReference(file:/Users/china_015/GitHub/RaBhome/,root))))
Sending msg to client play-fork-run-a6061103-ff25-478a-aa84-4c249596bfed: TaskStarted(7,480,None)
Sending msg to client play-fork-run-a6061103-ff25-478a-aa84-4c249596bfed: TaskFinished(7,430,None,true,None)
Sending msg to client play-fork-run-a6061103-ff25-478a-aa84-4c249596bfed: TaskStarted(7,429,None)
Sending msg to client play-fork-run-a6061103-ff25-478a-aa84-4c249596bfed: TaskStarted(7,438,None)
Sending msg to client play-fork-run-a6061103-ff25-478a-aa84-4c249596bfed: TaskStarted(7,447,None)
Sending msg to client play-fork-run-a6061103-ff25-478a-aa84-4c249596bfed: TaskStarted(7,459,None)
Sending msg to client play-fork-run-a6061103-ff25-478a-aa84-4c249596bfed: TaskStarted(7,464,None)
Sending msg to client play-fork-run-a6061103-ff25-478a-aa84-4c249596bfed: TaskStarted(7,466,None)
Sending msg to client play-fork-run-a6061103-ff25-478a-aa84-4c249596bfed: TaskStarted(7,471,None)
Sending msg to client play-fork-run-a6061103-ff25-478a-aa84-4c249596bfed: TaskStarted(7,473,None)
Sending msg to client play-fork-run-a6061103-ff25-478a-aa84-4c249596bfed: TaskFinished(7,444,None,true,None)
Sending msg to client play-fork-run-a6061103-ff25-478a-aa84-4c249596bfed: TaskStarted(7,443,Some(AttributeKey[sbt.BuildStructure]("buildStructure") in Scope(Global)))
Sending msg to client play-fork-run-a6061103-ff25-478a-aa84-4c249596bfed: TaskStarted(7,468,Some(AttributeKey[java.io.File]("dependencyCacheDirectory") in Scope(Build: file:/Users/china_015/GitHub/RaBhome/, , Project: ProjectReference(file:/Users/china_015/GitHub/RaBhome/,root))))
Sending msg to client play-fork-run-a6061103-ff25-478a-aa84-4c249596bfed: TaskFinished(7,441,None,true,None)
Sending msg to client play-fork-run-a6061103-ff25-478a-aa84-4c249596bfed: TaskFinished(7,451,None,true,None)
Sending msg to client play-fork-run-a6061103-ff25-478a-aa84-4c249596bfed: TaskFinished(7,449,Some(AttributeKey[boolean]("skip") in Scope(Global)),true,None)
Sending msg to client play-fork-run-a6061103-ff25-478a-aa84-4c249596bfed: TaskFinished(7,448,Some(AttributeKey[java.lang.String]("updateCacheName") in Scope(Build: file:/Users/china_015/GitHub/RaBhome/, , Project: ProjectReference(file:/Users/china_015/GitHub/RaBhome/,root))),true,None)
Sending msg to client play-fork-run-a6061103-ff25-478a-aa84-4c249596bfed: TaskFinished(7,452,None,true,None)
Sending msg to client play-fork-run-a6061103-ff25-478a-aa84-4c249596bfed: TaskStarted(7,450,Some(AttributeKey[scala.collection.Seq[sbt.UpdateReport]]("transitiveUpdate") in Scope(Build: file:/Users/china_015/GitHub/RaBhome/, , Project: ProjectReference(file:/Users/china_015/GitHub/RaBhome/,root))))
Sending msg to client play-fork-run-a6061103-ff25-478a-aa84-4c249596bfed: TaskFinished(7,461,Some(AttributeKey[scala.collection.Seq[sbt.Resolver]]("externalResolvers") in Scope(Build: file:/Users/china_015/GitHub/RaBhome/, , Project: ProjectReference(file:/Users/china_015/GitHub/RaBhome/,root))),true,None)
Sending msg to client play-fork-run-a6061103-ff25-478a-aa84-4c249596bfed: TaskFinished(7,465,Some(AttributeKey[scala.Option[scala.collection.Seq[sbt.Resolver]]]("bootResolvers") in Scope(Build: file:/Users/china_015/GitHub/RaBhome/, , Project: ProjectReference(file:/Users/china_015/GitHub/RaBhome/,root))),true,None)
Sending msg to client play-fork-run-a6061103-ff25-478a-aa84-4c249596bfed: TaskFinished(7,467,Some(AttributeKey[scala.collection.Seq[sbt.Credentials]]("credentials") in Scope(Global)),true,None)
Sending msg to client play-fork-run-a6061103-ff25-478a-aa84-4c249596bfed: TaskFinished(7,469,None,true,None)
Sending msg to client play-fork-run-a6061103-ff25-478a-aa84-4c249596bfed: TaskFinished(7,470,None,true,None)
Sending msg to client play-fork-run-a6061103-ff25-478a-aa84-4c249596bfed: TaskFinished(7,475,Some(AttributeKey[scala.collection.Seq[java.lang.String]]("javaOptions") in Scope(Global)),true,None)
Sending msg to client play-fork-run-a6061103-ff25-478a-aa84-4c249596bfed: TaskFinished(7,476,Some(AttributeKey[scala.Option[java.lang.String]]("mainClass") in Scope(Build: file:/Users/china_015/GitHub/RaBhome/, , Project: ProjectReference(file:/Users/china_015/GitHub/RaBhome/,root), Config: compile, Task: AttributeKey[void]("run"))),true,None)
Sending msg to client play-fork-run-a6061103-ff25-478a-aa84-4c249596bfed: TaskFinished(7,429,None,true,None)
Sending msg to client play-fork-run-a6061103-ff25-478a-aa84-4c249596bfed: TaskFinished(7,438,None,true,None)
Sending msg to client play-fork-run-a6061103-ff25-478a-aa84-4c249596bfed: TaskFinished(7,459,None,true,None)
Sending msg to client play-fork-run-a6061103-ff25-478a-aa84-4c249596bfed: TaskFinished(7,447,None,true,None)
Sending msg to client play-fork-run-a6061103-ff25-478a-aa84-4c249596bfed: TaskStarted(7,446,Some(AttributeKey[scala.collection.immutable.Map[sbt.ModuleID,sbt.SourcePosition]]("dependencyPositions") in Scope(Build: file:/Users/china_015/GitHub/RaBhome/, , Project: ProjectReference(file:/Users/china_015/GitHub/RaBhome/,root))))
Sending msg to client play-fork-run-a6061103-ff25-478a-aa84-4c249596bfed: TaskFinished(7,478,Some(AttributeKey[scala.Tuple2[java.lang.String,java.io.File]]("playPrefixAndAssets") in Scope(Build: file:/Users/china_015/GitHub/RaBhome/, , Project: ProjectReference(file:/Users/china_015/GitHub/RaBhome/,root))),true,None)
Sending msg to client play-fork-run-a6061103-ff25-478a-aa84-4c249596bfed: TaskStarted(7,477,Some(AttributeKey[scala.collection.Seq[scala.Tuple2[java.lang.String,java.io.File]]]("playAllAssets") in Scope(Build: file:/Users/china_015/GitHub/RaBhome/, , Project: ProjectReference(file:/Users/china_015/GitHub/RaBhome/,root))))
Sending msg to client play-fork-run-a6061103-ff25-478a-aa84-4c249596bfed: TaskFinished(7,464,None,true,None)
Sending msg to client play-fork-run-a6061103-ff25-478a-aa84-4c249596bfed: TaskFinished(7,466,None,true,None)
Sending msg to client play-fork-run-a6061103-ff25-478a-aa84-4c249596bfed: TaskFinished(7,471,None,true,None)
Sending msg to client play-fork-run-a6061103-ff25-478a-aa84-4c249596bfed: TaskFinished(7,473,None,true,None)
Sending msg to client play-fork-run-a6061103-ff25-478a-aa84-4c249596bfed: TaskFinished(7,480,None,true,None)
Sending msg to client play-fork-run-a6061103-ff25-478a-aa84-4c249596bfed: TaskFinished(7,443,Some(AttributeKey[sbt.BuildStructure]("buildStructure") in Scope(Global)),true,None)
Sending msg to client play-fork-run-a6061103-ff25-478a-aa84-4c249596bfed: TaskStarted(7,442,Some(AttributeKey[sbt.Settings[sbt.Scope]]("settingsData") in Scope(Global)))
Sending msg to client play-fork-run-a6061103-ff25-478a-aa84-4c249596bfed: TaskFinished(7,468,Some(AttributeKey[java.io.File]("dependencyCacheDirectory") in Scope(Build: file:/Users/china_015/GitHub/RaBhome/, , Project: ProjectReference(file:/Users/china_015/GitHub/RaBhome/,root))),true,None)
Sending msg to client play-fork-run-a6061103-ff25-478a-aa84-4c249596bfed: TaskFinished(7,450,Some(AttributeKey[scala.collection.Seq[sbt.UpdateReport]]("transitiveUpdate") in Scope(Build: file:/Users/china_015/GitHub/RaBhome/, , Project: ProjectReference(file:/Users/china_015/GitHub/RaBhome/,root))),true,None)
Sending msg to client play-fork-run-a6061103-ff25-478a-aa84-4c249596bfed: TaskFinished(7,477,Some(AttributeKey[scala.collection.Seq[scala.Tuple2[java.lang.String,java.io.File]]]("playAllAssets") in Scope(Build: file:/Users/china_015/GitHub/RaBhome/, , Project: ProjectReference(file:/Users/china_015/GitHub/RaBhome/,root))),true,None)
Sending msg to client play-fork-run-a6061103-ff25-478a-aa84-4c249596bfed: TaskFinished(7,446,Some(AttributeKey[scala.collection.immutable.Map[sbt.ModuleID,sbt.SourcePosition]]("dependencyPositions") in Scope(Build: file:/Users/china_015/GitHub/RaBhome/, , Project: ProjectReference(file:/Users/china_015/GitHub/RaBhome/,root))),true,None)
Sending msg to client play-fork-run-a6061103-ff25-478a-aa84-4c249596bfed: TaskStarted(7,445,Some(AttributeKey[sbt.UnresolvedWarningConfiguration]("unresolvedWarningConfiguration") in Scope(Build: file:/Users/china_015/GitHub/RaBhome/, , Project: ProjectReference(file:/Users/china_015/GitHub/RaBhome/,root), Task: AttributeKey[sbt.UpdateReport]("update"))))
Sending msg to client play-fork-run-a6061103-ff25-478a-aa84-4c249596bfed: TaskFinished(7,442,Some(AttributeKey[sbt.Settings[sbt.Scope]]("settingsData") in Scope(Global)),true,None)
Sending msg to client play-fork-run-a6061103-ff25-478a-aa84-4c249596bfed: TaskStarted(7,440,None)
Sending msg to client play-fork-run-a6061103-ff25-478a-aa84-4c249596bfed: TaskStarted(7,456,Some(AttributeKey[scala.collection.Seq[sbt.ModuleID]]("projectDependencies") in Scope(Build: file:/Users/china_015/GitHub/RaBhome/, , Project: ProjectReference(file:/Users/china_015/GitHub/RaBhome/,root))))
Sending msg to client play-fork-run-a6061103-ff25-478a-aa84-4c249596bfed: TaskStarted(7,463,Some(AttributeKey[scala.collection.immutable.Map[org.apache.ivy.core.module.id.ModuleRevisionId,org.apache.ivy.core.module.descriptor.ModuleDescriptor]]("projectDescriptors") in Scope(Build: file:/Users/china_015/GitHub/RaBhome/, , Project: ProjectReference(file:/Users/china_015/GitHub/RaBhome/,root))))
Sending msg to client play-fork-run-a6061103-ff25-478a-aa84-4c249596bfed: TaskStarted(7,474,None)
Sending msg to client play-fork-run-a6061103-ff25-478a-aa84-4c249596bfed: TaskStarted(7,479,Some(AttributeKey[scala.collection.Seq[java.io.File]]("playMonitoredFiles") in Scope(Build: file:/Users/china_015/GitHub/RaBhome/, , Project: ProjectReference(file:/Users/china_015/GitHub/RaBhome/,root))))
Sending msg to client play-fork-run-a6061103-ff25-478a-aa84-4c249596bfed: TaskFinished(7,445,Some(AttributeKey[sbt.UnresolvedWarningConfiguration]("unresolvedWarningConfiguration") in Scope(Build: file:/Users/china_015/GitHub/RaBhome/, , Project: ProjectReference(file:/Users/china_015/GitHub/RaBhome/,root), Task: AttributeKey[sbt.UpdateReport]("update"))),true,None)
Sending msg to client play-fork-run-a6061103-ff25-478a-aa84-4c249596bfed: TaskStarted(7,483,None)
Sending msg to client play-fork-run-a6061103-ff25-478a-aa84-4c249596bfed: TaskFinished(7,456,Some(AttributeKey[scala.collection.Seq[sbt.ModuleID]]("projectDependencies") in Scope(Build: file:/Users/china_015/GitHub/RaBhome/, , Project: ProjectReference(file:/Users/china_015/GitHub/RaBhome/,root))),true,None)
Sending msg to client play-fork-run-a6061103-ff25-478a-aa84-4c249596bfed: TaskStarted(7,455,Some(AttributeKey[scala.collection.Seq[sbt.ModuleID]]("allDependencies") in Scope(Build: file:/Users/china_015/GitHub/RaBhome/, , Project: ProjectReference(file:/Users/china_015/GitHub/RaBhome/,root))))
Sending msg to client play-fork-run-a6061103-ff25-478a-aa84-4c249596bfed: TaskStarted(7,485,None)
Sending msg to client play-fork-run-a6061103-ff25-478a-aa84-4c249596bfed: TaskStarted(7,490,None)
Sending msg to client play-fork-run-a6061103-ff25-478a-aa84-4c249596bfed: TaskStarted(7,491,None)
Sending msg to client play-fork-run-a6061103-ff25-478a-aa84-4c249596bfed: TaskStarted(7,493,None)
Sending msg to client play-fork-run-a6061103-ff25-478a-aa84-4c249596bfed: TaskStarted(7,495,None)
Sending msg to client play-fork-run-a6061103-ff25-478a-aa84-4c249596bfed: TaskStarted(7,496,None)
Sending msg to client play-fork-run-a6061103-ff25-478a-aa84-4c249596bfed: TaskFinished(7,483,None,true,None)
Sending msg to client play-fork-run-a6061103-ff25-478a-aa84-4c249596bfed: TaskFinished(7,440,None,true,None)
Sending msg to client play-fork-run-a6061103-ff25-478a-aa84-4c249596bfed: TaskFinished(7,455,Some(AttributeKey[scala.collection.Seq[sbt.ModuleID]]("allDependencies") in Scope(Build: file:/Users/china_015/GitHub/RaBhome/, , Project: ProjectReference(file:/Users/china_015/GitHub/RaBhome/,root))),true,None)
Sending msg to client play-fork-run-a6061103-ff25-478a-aa84-4c249596bfed: TaskStarted(7,454,Some(AttributeKey[sbt.ModuleSettings]("moduleSettings") in Scope(Build: file:/Users/china_015/GitHub/RaBhome/, , Project: ProjectReference(file:/Users/china_015/GitHub/RaBhome/,root))))
Sending msg to client play-fork-run-a6061103-ff25-478a-aa84-4c249596bfed: TaskFinished(7,485,None,true,None)
Sending msg to client play-fork-run-a6061103-ff25-478a-aa84-4c249596bfed: TaskStarted(7,484,None)
Sending msg to client play-fork-run-a6061103-ff25-478a-aa84-4c249596bfed: TaskFinished(7,490,None,true,None)
Sending msg to client play-fork-run-a6061103-ff25-478a-aa84-4c249596bfed: TaskFinished(7,491,None,true,None)
Sending msg to client play-fork-run-a6061103-ff25-478a-aa84-4c249596bfed: TaskStarted(7,489,Some(AttributeKey[scala.collection.Seq[sbt.Attributed[java.io.File]]]("unmanagedJars") in Scope(Build: file:/Users/china_015/GitHub/RaBhome/, , Project: ProjectReference(file:/Users/china_015/GitHub/RaBhome/,root), Config: compile)))
Sending msg to client play-fork-run-a6061103-ff25-478a-aa84-4c249596bfed: TaskFinished(7,493,None,true,None)
Sending msg to client play-fork-run-a6061103-ff25-478a-aa84-4c249596bfed: TaskStarted(7,492,None)
Sending msg to client play-fork-run-a6061103-ff25-478a-aa84-4c249596bfed: TaskStarted(7,497,None)
Sending msg to client play-fork-run-a6061103-ff25-478a-aa84-4c249596bfed: TaskFinished(7,495,None,true,None)
Sending msg to client play-fork-run-a6061103-ff25-478a-aa84-4c249596bfed: TaskFinished(7,496,None,true,None)
Sending msg to client play-fork-run-a6061103-ff25-478a-aa84-4c249596bfed: TaskStarted(7,494,Some(AttributeKey[scala.collection.Seq[sbt.Attributed[java.io.File]]]("unmanagedJars") in Scope(Build: file:/Users/china_015/GitHub/RaBhome/, , Project: ProjectReference(file:/Users/china_015/GitHub/RaBhome/,root), Config: runtime)))
Sending msg to client play-fork-run-a6061103-ff25-478a-aa84-4c249596bfed: TaskFinished(7,454,Some(AttributeKey[sbt.ModuleSettings]("moduleSettings") in Scope(Build: file:/Users/china_015/GitHub/RaBhome/, , Project: ProjectReference(file:/Users/china_015/GitHub/RaBhome/,root))),true,None)
Sending msg to client play-fork-run-a6061103-ff25-478a-aa84-4c249596bfed: TaskFinished(7,484,None,true,None)
Sending msg to client play-fork-run-a6061103-ff25-478a-aa84-4c249596bfed: TaskFinished(7,463,Some(AttributeKey[scala.collection.immutable.Map[org.apache.ivy.core.module.id.ModuleRevisionId,org.apache.ivy.core.module.descriptor.ModuleDescriptor]]("projectDescriptors") in Scope(Build: file:/Users/china_015/GitHub/RaBhome/, , Project: ProjectReference(file:/Users/china_015/GitHub/RaBhome/,root))),true,None)
Sending msg to client play-fork-run-a6061103-ff25-478a-aa84-4c249596bfed: TaskStarted(7,462,Some(AttributeKey[sbt.Resolver]("projectResolver") in Scope(Build: file:/Users/china_015/GitHub/RaBhome/, , Project: ProjectReference(file:/Users/china_015/GitHub/RaBhome/,root))))
Sending msg to client play-fork-run-a6061103-ff25-478a-aa84-4c249596bfed: TaskFinished(7,489,Some(AttributeKey[scala.collection.Seq[sbt.Attributed[java.io.File]]]("unmanagedJars") in Scope(Build: file:/Users/china_015/GitHub/RaBhome/, , Project: ProjectReference(file:/Users/china_015/GitHub/RaBhome/,root), Config: compile)),true,None)
Sending msg to client play-fork-run-a6061103-ff25-478a-aa84-4c249596bfed: TaskStarted(7,498,None)
Sending msg to client play-fork-run-a6061103-ff25-478a-aa84-4c249596bfed: TaskFinished(7,494,Some(AttributeKey[scala.collection.Seq[sbt.Attributed[java.io.File]]]("unmanagedJars") in Scope(Build: file:/Users/china_015/GitHub/RaBhome/, , Project: ProjectReference(file:/Users/china_015/GitHub/RaBhome/,root), Config: runtime)),true,None)
Sending msg to client play-fork-run-a6061103-ff25-478a-aa84-4c249596bfed: TaskFinished(7,462,Some(AttributeKey[sbt.Resolver]("projectResolver") in Scope(Build: file:/Users/china_015/GitHub/RaBhome/, , Project: ProjectReference(file:/Users/china_015/GitHub/RaBhome/,root))),true,None)
Sending msg to client play-fork-run-a6061103-ff25-478a-aa84-4c249596bfed: TaskStarted(7,460,Some(AttributeKey[scala.collection.Seq[sbt.Resolver]]("fullResolvers") in Scope(Build: file:/Users/china_015/GitHub/RaBhome/, , Project: ProjectReference(file:/Users/china_015/GitHub/RaBhome/,root))))
Sending msg to client play-fork-run-a6061103-ff25-478a-aa84-4c249596bfed: TaskFinished(7,498,None,true,None)
Sending msg to client play-fork-run-a6061103-ff25-478a-aa84-4c249596bfed: TaskFinished(7,492,None,true,None)
Sending msg to client play-fork-run-a6061103-ff25-478a-aa84-4c249596bfed: TaskStarted(7,488,Some(AttributeKey[scala.collection.Seq[sbt.Attributed[java.io.File]]]("unmanagedJars") in Scope(Build: file:/Users/china_015/GitHub/RaBhome/, , Project: ProjectReference(file:/Users/china_015/GitHub/RaBhome/,root), Config: compile)))
Sending msg to client play-fork-run-a6061103-ff25-478a-aa84-4c249596bfed: TaskFinished(7,460,Some(AttributeKey[scala.collection.Seq[sbt.Resolver]]("fullResolvers") in Scope(Build: file:/Users/china_015/GitHub/RaBhome/, , Project: ProjectReference(file:/Users/china_015/GitHub/RaBhome/,root))),true,None)
Sending msg to client play-fork-run-a6061103-ff25-478a-aa84-4c249596bfed: TaskStarted(7,458,Some(AttributeKey[sbt.IvyConfiguration]("ivyConfiguration") in Scope(Build: file:/Users/china_015/GitHub/RaBhome/, , Project: ProjectReference(file:/Users/china_015/GitHub/RaBhome/,root))))
Sending msg to client play-fork-run-a6061103-ff25-478a-aa84-4c249596bfed: TaskFinished(7,488,Some(AttributeKey[scala.collection.Seq[sbt.Attributed[java.io.File]]]("unmanagedJars") in Scope(Build: file:/Users/china_015/GitHub/RaBhome/, , Project: ProjectReference(file:/Users/china_015/GitHub/RaBhome/,root), Config: compile)),true,None)
Sending msg to client play-fork-run-a6061103-ff25-478a-aa84-4c249596bfed: TaskStarted(7,487,None)
Sending msg to client play-fork-run-a6061103-ff25-478a-aa84-4c249596bfed: TaskFinished(7,458,Some(AttributeKey[sbt.IvyConfiguration]("ivyConfiguration") in Scope(Build: file:/Users/china_015/GitHub/RaBhome/, , Project: ProjectReference(file:/Users/china_015/GitHub/RaBhome/,root))),true,None)
Sending msg to client play-fork-run-a6061103-ff25-478a-aa84-4c249596bfed: TaskStarted(7,457,Some(AttributeKey[sbt.IvySbt]("ivySbt") in Scope(Build: file:/Users/china_015/GitHub/RaBhome/, , Project: ProjectReference(file:/Users/china_015/GitHub/RaBhome/,root))))
Sending msg to client play-fork-run-a6061103-ff25-478a-aa84-4c249596bfed: TaskFinished(7,487,None,true,None)
Sending msg to client play-fork-run-a6061103-ff25-478a-aa84-4c249596bfed: TaskStarted(7,486,None)
Sending msg to client play-fork-run-a6061103-ff25-478a-aa84-4c249596bfed: TaskFinished(7,457,Some(AttributeKey[sbt.IvySbt]("ivySbt") in Scope(Build: file:/Users/china_015/GitHub/RaBhome/, , Project: ProjectReference(file:/Users/china_015/GitHub/RaBhome/,root))),true,None)
Sending msg to client play-fork-run-a6061103-ff25-478a-aa84-4c249596bfed: TaskStarted(7,453,Some(AttributeKey[sbt.IvySbt$Module]("ivyModule") in Scope(Build: file:/Users/china_015/GitHub/RaBhome/, , Project: ProjectReference(file:/Users/china_015/GitHub/RaBhome/,root))))
Sending msg to client play-fork-run-a6061103-ff25-478a-aa84-4c249596bfed: TaskFinished(7,497,None,true,None)
Sending msg to client play-fork-run-a6061103-ff25-478a-aa84-4c249596bfed: TaskFinished(7,479,Some(AttributeKey[scala.collection.Seq[java.io.File]]("playMonitoredFiles") in Scope(Build: file:/Users/china_015/GitHub/RaBhome/, , Project: ProjectReference(file:/Users/china_015/GitHub/RaBhome/,root))),true,None)
Sending msg to client play-fork-run-a6061103-ff25-478a-aa84-4c249596bfed: TaskFinished(7,486,None,true,None)
Sending msg to client play-fork-run-a6061103-ff25-478a-aa84-4c249596bfed: TaskFinished(7,474,None,true,None)
Sending msg to client play-fork-run-a6061103-ff25-478a-aa84-4c249596bfed: TaskStarted(7,472,Some(AttributeKey[scala.collection.Seq[sbt.Attributed[java.io.File]]]("unmanagedClasspath") in Scope(Build: file:/Users/china_015/GitHub/RaBhome/, , Project: ProjectReference(file:/Users/china_015/GitHub/RaBhome/,root), Config: runtime)))
Sending msg to client play-fork-run-a6061103-ff25-478a-aa84-4c249596bfed: TaskFinished(7,453,Some(AttributeKey[sbt.IvySbt$Module]("ivyModule") in Scope(Build: file:/Users/china_015/GitHub/RaBhome/, , Project: ProjectReference(file:/Users/china_015/GitHub/RaBhome/,root))),true,None)
Sending msg to client play-fork-run-a6061103-ff25-478a-aa84-4c249596bfed: TaskStarted(7,439,Some(AttributeKey[sbt.UpdateReport]("update") in Scope(Build: file:/Users/china_015/GitHub/RaBhome/, , Project: ProjectReference(file:/Users/china_015/GitHub/RaBhome/,root))))
Sending msg to client play-fork-run-a6061103-ff25-478a-aa84-4c249596bfed: TaskFinished(7,472,Some(AttributeKey[scala.collection.Seq[sbt.Attributed[java.io.File]]]("unmanagedClasspath") in Scope(Build: file:/Users/china_015/GitHub/RaBhome/, , Project: ProjectReference(file:/Users/china_015/GitHub/RaBhome/,root), Config: runtime)),true,None)
Sending msg to client play-fork-run-a6061103-ff25-478a-aa84-4c249596bfed: TaskFinished(7,439,Some(AttributeKey[sbt.UpdateReport]("update") in Scope(Build: file:/Users/china_015/GitHub/RaBhome/, , Project: ProjectReference(file:/Users/china_015/GitHub/RaBhome/,root))),true,None)
Sending msg to client play-fork-run-a6061103-ff25-478a-aa84-4c249596bfed: TaskStarted(7,437,Some(AttributeKey[sbt.UpdateReport]("update") in Scope(Build: file:/Users/china_015/GitHub/RaBhome/, , Project: ProjectReference(file:/Users/china_015/GitHub/RaBhome/,root))))
Sending msg to client play-fork-run-a6061103-ff25-478a-aa84-4c249596bfed: TaskFinished(7,437,Some(AttributeKey[sbt.UpdateReport]("update") in Scope(Build: file:/Users/china_015/GitHub/RaBhome/, , Project: ProjectReference(file:/Users/china_015/GitHub/RaBhome/,root))),true,None)
Sending msg to client play-fork-run-a6061103-ff25-478a-aa84-4c249596bfed: TaskStarted(7,436,Some(AttributeKey[sbt.Configuration]("classpathConfiguration") in Scope(Build: file:/Users/china_015/GitHub/RaBhome/, , Project: ProjectReference(file:/Users/china_015/GitHub/RaBhome/,root), Config: compile)))
Sending msg to client play-fork-run-a6061103-ff25-478a-aa84-4c249596bfed: TaskStarted(7,482,Some(AttributeKey[scala.collection.Seq[sbt.Attributed[java.io.File]]]("managedClasspath") in Scope(Build: file:/Users/china_015/GitHub/RaBhome/, , Project: ProjectReference(file:/Users/china_015/GitHub/RaBhome/,root), Config: docs)))
Sending msg to client play-fork-run-a6061103-ff25-478a-aa84-4c249596bfed: TaskFinished(7,436,Some(AttributeKey[sbt.Configuration]("classpathConfiguration") in Scope(Build: file:/Users/china_015/GitHub/RaBhome/, , Project: ProjectReference(file:/Users/china_015/GitHub/RaBhome/,root), Config: compile)),true,None)
Sending msg to client play-fork-run-a6061103-ff25-478a-aa84-4c249596bfed: TaskStarted(7,435,None)
Sending msg to client play-fork-run-a6061103-ff25-478a-aa84-4c249596bfed: TaskFinished(7,435,None,true,None)
Sending msg to client play-fork-run-a6061103-ff25-478a-aa84-4c249596bfed: TaskStarted(7,434,Some(AttributeKey[sbt.Configuration]("classpathConfiguration") in Scope(Build: file:/Users/china_015/GitHub/RaBhome/, , Project: ProjectReference(file:/Users/china_015/GitHub/RaBhome/,root), Config: runtime)))
Sending msg to client play-fork-run-a6061103-ff25-478a-aa84-4c249596bfed: TaskFinished(7,434,Some(AttributeKey[sbt.Configuration]("classpathConfiguration") in Scope(Build: file:/Users/china_015/GitHub/RaBhome/, , Project: ProjectReference(file:/Users/china_015/GitHub/RaBhome/,root), Config: runtime)),true,None)
Sending msg to client play-fork-run-a6061103-ff25-478a-aa84-4c249596bfed: TaskStarted(7,433,None)
Sending msg to client play-fork-run-a6061103-ff25-478a-aa84-4c249596bfed: TaskFinished(7,482,Some(AttributeKey[scala.collection.Seq[sbt.Attributed[java.io.File]]]("managedClasspath") in Scope(Build: file:/Users/china_015/GitHub/RaBhome/, , Project: ProjectReference(file:/Users/china_015/GitHub/RaBhome/,root), Config: docs)),true,None)
Sending msg to client play-fork-run-a6061103-ff25-478a-aa84-4c249596bfed: TaskStarted(7,481,Some(AttributeKey[scala.Option[java.io.File]]("playDocsJar") in Scope(Build: file:/Users/china_015/GitHub/RaBhome/, , Project: ProjectReference(file:/Users/china_015/GitHub/RaBhome/,root))))
Sending msg to client play-fork-run-a6061103-ff25-478a-aa84-4c249596bfed: TaskFinished(7,433,None,true,None)
Sending msg to client play-fork-run-a6061103-ff25-478a-aa84-4c249596bfed: TaskStarted(7,432,Some(AttributeKey[scala.collection.Seq[sbt.Attributed[java.io.File]]]("managedClasspath") in Scope(Build: file:/Users/china_015/GitHub/RaBhome/, , Project: ProjectReference(file:/Users/china_015/GitHub/RaBhome/,root), Config: runtime)))
Sending msg to client play-fork-run-a6061103-ff25-478a-aa84-4c249596bfed: TaskFinished(7,481,Some(AttributeKey[scala.Option[java.io.File]]("playDocsJar") in Scope(Build: file:/Users/china_015/GitHub/RaBhome/, , Project: ProjectReference(file:/Users/china_015/GitHub/RaBhome/,root))),true,None)
Sending msg to client play-fork-run-a6061103-ff25-478a-aa84-4c249596bfed: TaskFinished(7,432,Some(AttributeKey[scala.collection.Seq[sbt.Attributed[java.io.File]]]("managedClasspath") in Scope(Build: file:/Users/china_015/GitHub/RaBhome/, , Project: ProjectReference(file:/Users/china_015/GitHub/RaBhome/,root), Config: runtime)),true,None)
Sending msg to client play-fork-run-a6061103-ff25-478a-aa84-4c249596bfed: TaskStarted(7,431,None)
Sending msg to client play-fork-run-a6061103-ff25-478a-aa84-4c249596bfed: TaskFinished(7,431,None,true,None)
Sending msg to client play-fork-run-a6061103-ff25-478a-aa84-4c249596bfed: TaskStarted(7,428,Some(AttributeKey[scala.collection.Seq[sbt.Attributed[java.io.File]]]("playDependencyClasspath") in Scope(Build: file:/Users/china_015/GitHub/RaBhome/, , Project: ProjectReference(file:/Users/china_015/GitHub/RaBhome/,root))))
Sending msg to client play-fork-run-a6061103-ff25-478a-aa84-4c249596bfed: TaskFinished(7,428,Some(AttributeKey[scala.collection.Seq[sbt.Attributed[java.io.File]]]("playDependencyClasspath") in Scope(Build: file:/Users/china_015/GitHub/RaBhome/, , Project: ProjectReference(file:/Users/china_015/GitHub/RaBhome/,root))),true,None)
Sending msg to client play-fork-run-a6061103-ff25-478a-aa84-4c249596bfed: TaskStarted(7,427,Some(AttributeKey[play.forkrun.protocol.ForkConfig]("playForkConfig") in Scope(Build: file:/Users/china_015/GitHub/RaBhome/, , Project: ProjectReference(file:/Users/china_015/GitHub/RaBhome/,root))))
Sending msg to client play-fork-run-a6061103-ff25-478a-aa84-4c249596bfed: TaskFinished(7,427,Some(AttributeKey[play.forkrun.protocol.ForkConfig]("playForkConfig") in Scope(Build: file:/Users/china_015/GitHub/RaBhome/, , Project: ProjectReference(file:/Users/china_015/GitHub/RaBhome/,root))),true,None)
Sending msg to client play-fork-run-a6061103-ff25-478a-aa84-4c249596bfed: ValueChanged(AttributeKey[play.forkrun.protocol.ForkConfig]("playForkConfig") in Scope(Build: file:/Users/china_015/GitHub/RaBhome/, , Project: ProjectReference(file:/Users/china_015/GitHub/RaBhome/,root)),TaskSuccess(BuildValue(LazyValue(ForkConfig(/Users/china_015/GitHub/RaBhome,List(),List(/Users/china_015/.ivy2/cache/org.scala-lang/scala-library/jars/scala-library-2.11.6.jar, /Users/china_015/projects/activator-dist-1.3.6/repository/com.typesafe.play/twirl-api_2.11/1.1.1/jars/twirl-api_2.11.jar, /Users/china_015/projects/activator-dist-1.3.6/repository/org.apache.commons/commons-lang3/3.4/jars/commons-lang3.jar, /Users/china_015/.ivy2/cache/org.scala-lang.modules/scala-xml_2.11/bundles/scala-xml_2.11-1.0.1.jar, /Users/china_015/.ivy2/cache/com.typesafe.play/play-server_2.11/jars/play-server_2.11-2.4.4.jar, /Users/china_015/.ivy2/cache/com.typesafe.play/play_2.11/jars/play_2.11-2.4.4.jar, /Users/china_015/.ivy2/cache/com.typesafe.play/build-link/jars/build-link-2.4.4.jar, /Users/china_015/.ivy2/cache/com.typesafe.play/play-exceptions/jars/play-exceptions-2.4.4.jar, /Users/china_015/projects/activator-dist-1.3.6/repository/org.javassist/javassist/3.19.0-GA/bundles/javassist.jar, /Users/china_015/.ivy2/cache/com.typesafe.play/play-iteratees_2.11/jars/play-iteratees_2.11-2.4.4.jar, /Users/china_015/.ivy2/cache/org.scala-stm/scala-stm_2.11/jars/scala-stm_2.11-0.7.jar, /Users/china_015/projects/activator-dist-1.3.6/repository/com.typesafe/config/1.3.0/bundles/config.jar, /Users/china_015/.ivy2/cache/com.typesafe.play/play-json_2.11/jars/play-json_2.11-2.4.4.jar, /Users/china_015/.ivy2/cache/com.typesafe.play/play-functional_2.11/jars/play-functional_2.11-2.4.4.jar, /Users/china_015/.ivy2/cache/com.typesafe.play/play-datacommons_2.11/jars/play-datacommons_2.11-2.4.4.jar, /Users/china_015/projects/activator-dist-1.3.6/repository/joda-time/joda-time/2.8.1/jars/joda-time.jar, /Users/china_015/projects/activator-dist-1.3.6/repository/org.joda/joda-convert/1.7/jars/joda-convert.jar, /Users/china_015/.ivy2/cache/org.scala-lang/scala-reflect/jars/scala-reflect-2.11.6.jar, /Users/china_015/projects/activator-dist-1.3.6/repository/com.fasterxml.jackson.core/jackson-core/2.5.4/bundles/jackson-core.jar, /Users/china_015/projects/activator-dist-1.3.6/repository/com.fasterxml.jackson.core/jackson-annotations/2.5.4/bundles/jackson-annotations.jar, /Users/china_015/projects/activator-dist-1.3.6/repository/com.fasterxml.jackson.core/jackson-databind/2.5.4/bundles/jackson-databind.jar, /Users/china_015/projects/activator-dist-1.3.6/repository/com.fasterxml.jackson.datatype/jackson-datatype-jdk8/2.5.4/bundles/jackson-datatype-jdk8.jar, /Users/china_015/projects/activator-dist-1.3.6/repository/com.fasterxml.jackson.datatype/jackson-datatype-jsr310/2.5.4/bundles/jackson-datatype-jsr310.jar, /Users/china_015/.ivy2/cache/com.typesafe.play/play-netty-utils/jars/play-netty-utils-2.4.4.jar, /Users/china_015/projects/activator-dist-1.3.6/repository/org.slf4j/slf4j-api/1.7.12/jars/slf4j-api.jar, /Users/china_015/projects/activator-dist-1.3.6/repository/org.slf4j/jul-to-slf4j/1.7.12/jars/jul-to-slf4j.jar, /Users/china_015/projects/activator-dist-1.3.6/repository/org.slf4j/jcl-over-slf4j/1.7.12/jars/jcl-over-slf4j.jar, /Users/china_015/.ivy2/cache/org.scala-lang.modules/scala-parser-combinators_2.11/bundles/scala-parser-combinators_2.11-1.0.1.jar, /Users/china_015/projects/activator-dist-1.3.6/repository/ch.qos.logback/logback-core/1.1.3/jars/logback-core.jar, /Users/china_015/projects/activator-dist-1.3.6/repository/ch.qos.logback/logback-classic/1.1.3/jars/logback-classic.jar, /Users/china_015/.ivy2/cache/com.typesafe.akka/akka-actor_2.11/jars/akka-actor_2.11-2.3.13.jar, /Users/china_015/.ivy2/cache/com.typesafe.akka/akka-slf4j_2.11/jars/akka-slf4j_2.11-2.3.13.jar, /Users/china_015/projects/activator-dist-1.3.6/repository/commons-codec/commons-codec/1.10/jars/commons-codec.jar, /Users/china_015/.ivy2/cache/xerces/xercesImpl/jars/xercesImpl-2.11.0.jar, /Users/china_015/.ivy2/cache/xml-apis/xml-apis/jars/xml-apis-1.4.01.jar, /Users/china_015/.ivy2/cache/javax.transaction/jta/jars/jta-1.1.jar, /Users/china_015/projects/activator-dist-1.3.6/repository/com.google.inject/guice/4.0/jars/guice.jar, /Users/china_015/projects/activator-dist-1.3.6/repository/javax.inject/javax.inject/1/jars/javax.inject.jar, /Users/china_015/projects/activator-dist-1.3.6/repository/aopalliance/aopalliance/1.0/jars/aopalliance.jar, /Users/china_015/projects/activator-dist-1.3.6/repository/com.google.inject.extensions/guice-assistedinject/4.0/jars/guice-assistedinject.jar, /Users/china_015/.ivy2/cache/com.typesafe.play/play-netty-server_2.11/jars/play-netty-server_2.11-2.4.4.jar, /Users/china_015/.ivy2/cache/io.netty/netty/bundles/netty-3.10.4.Final.jar, /Users/china_015/projects/activator-dist-1.3.6/repository/com.typesafe.netty/netty-http-pipelining/1.1.4/jars/netty-http-pipelining.jar, /Users/china_015/.ivy2/cache/com.typesafe.play/play-jdbc_2.11/jars/play-jdbc_2.11-2.4.4.jar, /Users/china_015/.ivy2/cache/com.typesafe.play/play-jdbc-api_2.11/jars/play-jdbc-api_2.11-2.4.4.jar, /Users/china_015/projects/activator-dist-1.3.6/repository/com.jolbox/bonecp/0.8.0.RELEASE/bundles/bonecp.jar, /Users/china_015/projects/activator-dist-1.3.6/repository/com.zaxxer/HikariCP/2.3.7/bundles/HikariCP.jar, /Users/china_015/projects/activator-dist-1.3.6/repository/com.h2database/h2/1.4.187/jars/h2.jar, /Users/china_015/projects/activator-dist-1.3.6/repository/tyrex/tyrex/1.0.1/jars/tyrex.jar, /Users/china_015/.ivy2/cache/com.typesafe.play/play-cache_2.11/jars/play-cache_2.11-2.4.4.jar, /Users/china_015/projects/activator-dist-1.3.6/repository/net.sf.ehcache/ehcache-core/2.6.11/jars/ehcache-core.jar, /Users/china_015/.ivy2/cache/com.typesafe.play/play-ws_2.11/jars/play-ws_2.11-2.4.4.jar, /Users/china_015/projects/activator-dist-1.3.6/repository/com.google.guava/guava/18.0/bundles/guava.jar, /Users/china_015/projects/activator-dist-1.3.6/repository/com.ning/async-http-client/1.9.21/jars/async-http-client.jar, /Users/china_015/.ivy2/cache/oauth.signpost/signpost-core/jars/signpost-core-1.2.1.2.jar, /Users/china_015/.ivy2/cache/oauth.signpost/signpost-commonshttp4/jars/signpost-commonshttp4-1.2.1.2.jar, /Users/china_015/projects/activator-dist-1.3.6/repository/org.apache.httpcomponents/httpcore/4.0.1/jars/httpcore.jar, /Users/china_015/projects/activator-dist-1.3.6/repository/org.apache.httpcomponents/httpclient/4.0.1/jars/httpclient.jar, /Users/china_015/.ivy2/cache/commons-logging/commons-logging/jars/commons-logging-1.1.1.jar),List((public/,/Users/china_015/GitHub/RaBhome/target/web/public/main)),List(/Users/china_015/.ivy2/cache/com.typesafe.play/play-omnidoc_2.11/jars/play-omnidoc_2.11-2.4.4.jar, /Users/china_015/.ivy2/cache/org.scala-lang/scala-library/jars/scala-library-2.11.6.jar, /Users/china_015/.ivy2/cache/com.typesafe.play/play-docs_2.11/jars/play-docs_2.11-2.4.4.jar, /Users/china_015/.ivy2/cache/com.typesafe.play/play-netty-server_2.11/jars/play-netty-server_2.11-2.4.4.jar, /Users/china_015/.ivy2/cache/com.typesafe.play/play-server_2.11/jars/play-server_2.11-2.4.4.jar, /Users/china_015/.ivy2/cache/com.typesafe.play/play_2.11/jars/play_2.11-2.4.4.jar, /Users/china_015/.ivy2/cache/com.typesafe.play/build-link/jars/build-link-2.4.4.jar, /Users/china_015/.ivy2/cache/com.typesafe.play/play-exceptions/jars/play-exceptions-2.4.4.jar, /Users/china_015/projects/activator-dist-1.3.6/repository/org.javassist/javassist/3.19.0-GA/bundles/javassist.jar, /Users/china_015/.ivy2/cache/com.typesafe.play/play-iteratees_2.11/jars/play-iteratees_2.11-2.4.4.jar, /Users/china_015/.ivy2/cache/org.scala-stm/scala-stm_2.11/jars/scala-stm_2.11-0.7.jar, /Users/china_015/projects/activator-dist-1.3.6/repository/com.typesafe/config/1.3.0/bundles/config.jar, /Users/china_015/.ivy2/cache/com.typesafe.play/play-json_2.11/jars/play-json_2.11-2.4.4.jar, /Users/china_015/.ivy2/cache/com.typesafe.play/play-functional_2.11/jars/play-functional_2.11-2.4.4.jar, /Users/china_015/.ivy2/cache/com.typesafe.play/play-datacommons_2.11/jars/play-datacommons_2.11-2.4.4.jar, /Users/china_015/projects/activator-dist-1.3.6/repository/joda-time/joda-time/2.8.1/jars/joda-time.jar, /Users/china_015/projects/activator-dist-1.3.6/repository/org.joda/joda-convert/1.7/jars/joda-convert.jar, /Users/china_015/.ivy2/cache/org.scala-lang/scala-reflect/jars/scala-reflect-2.11.6.jar, /Users/china_015/projects/activator-dist-1.3.6/repository/com.fasterxml.jackson.core/jackson-core/2.5.4/bundles/jackson-core.jar, /Users/china_015/projects/activator-dist-1.3.6/repository/com.fasterxml.jackson.core/jackson-annotations/2.5.4/bundles/jackson-annotations.jar, /Users/china_015/projects/activator-dist-1.3.6/repository/com.fasterxml.jackson.core/jackson-databind/2.5.4/bundles/jackson-databind.jar, /Users/china_015/projects/activator-dist-1.3.6/repository/com.fasterxml.jackson.datatype/jackson-datatype-jdk8/2.5.4/bundles/jackson-datatype-jdk8.jar, /Users/china_015/projects/activator-dist-1.3.6/repository/com.fasterxml.jackson.datatype/jackson-datatype-jsr310/2.5.4/bundles/jackson-datatype-jsr310.jar, /Users/china_015/.ivy2/cache/com.typesafe.play/play-netty-utils/jars/play-netty-utils-2.4.4.jar, /Users/china_015/projects/activator-dist-1.3.6/repository/org.slf4j/slf4j-api/1.7.12/jars/slf4j-api.jar, /Users/china_015/projects/activator-dist-1.3.6/repository/org.slf4j/jul-to-slf4j/1.7.12/jars/jul-to-slf4j.jar, /Users/china_015/projects/activator-dist-1.3.6/repository/org.slf4j/jcl-over-slf4j/1.7.12/jars/jcl-over-slf4j.jar, /Users/china_015/projects/activator-dist-1.3.6/repository/com.typesafe.play/twirl-api_2.11/1.1.1/jars/twirl-api_2.11.jar, /Users/china_015/projects/activator-dist-1.3.6/repository/org.apache.commons/commons-lang3/3.4/jars/commons-lang3.jar, /Users/china_015/.ivy2/cache/org.scala-lang.modules/scala-xml_2.11/bundles/scala-xml_2.11-1.0.1.jar, /Users/china_015/.ivy2/cache/org.scala-lang.modules/scala-parser-combinators_2.11/bundles/scala-parser-combinators_2.11-1.0.1.jar, /Users/china_015/projects/activator-dist-1.3.6/repository/ch.qos.logback/logback-core/1.1.3/jars/logback-core.jar, /Users/china_015/projects/activator-dist-1.3.6/repository/ch.qos.logback/logback-classic/1.1.3/jars/logback-classic.jar, /Users/china_015/.ivy2/cache/com.typesafe.akka/akka-actor_2.11/jars/akka-actor_2.11-2.3.13.jar, /Users/china_015/.ivy2/cache/com.typesafe.akka/akka-slf4j_2.11/jars/akka-slf4j_2.11-2.3.13.jar, /Users/china_015/projects/activator-dist-1.3.6/repository/commons-codec/commons-codec/1.10/jars/commons-codec.jar, /Users/china_015/.ivy2/cache/xerces/xercesImpl/jars/xercesImpl-2.11.0.jar, /Users/china_015/.ivy2/cache/xml-apis/xml-apis/jars/xml-apis-1.4.01.jar, /Users/china_015/.ivy2/cache/javax.transaction/jta/jars/jta-1.1.jar, /Users/china_015/projects/activator-dist-1.3.6/repository/com.google.inject/guice/4.0/jars/guice.jar, /Users/china_015/projects/activator-dist-1.3.6/repository/javax.inject/javax.inject/1/jars/javax.inject.jar, /Users/china_015/projects/activator-dist-1.3.6/repository/aopalliance/aopalliance/1.0/jars/aopalliance.jar, /Users/china_015/.ivy2/cache/com.google.guava/guava/bundles/guava-16.0.1.jar, /Users/china_015/projects/activator-dist-1.3.6/repository/com.google.inject.extensions/guice-assistedinject/4.0/jars/guice-assistedinject.jar, /Users/china_015/.ivy2/cache/io.netty/netty/bundles/netty-3.10.4.Final.jar, /Users/china_015/projects/activator-dist-1.3.6/repository/com.typesafe.netty/netty-http-pipelining/1.1.4/jars/netty-http-pipelining.jar, /Users/china_015/projects/activator-dist-1.3.6/repository/com.typesafe.play/play-doc_2.11/1.2.2/jars/play-doc_2.11.jar, /Users/china_015/projects/activator-dist-1.3.6/repository/org.pegdown/pegdown/1.4.0/jars/pegdown.jar, /Users/china_015/projects/activator-dist-1.3.6/repository/org.parboiled/parboiled-java/1.1.5/bundles/parboiled-java.jar, /Users/china_015/projects/activator-dist-1.3.6/repository/org.parboiled/parboiled-core/1.1.5/bundles/parboiled-core.jar, /Users/china_015/projects/activator-dist-1.3.6/repository/org.ow2.asm/asm/4.1/jars/asm.jar, /Users/china_015/projects/activator-dist-1.3.6/repository/org.ow2.asm/asm-tree/4.1/jars/asm-tree.jar, /Users/china_015/projects/activator-dist-1.3.6/repository/org.ow2.asm/asm-analysis/4.1/jars/asm-analysis.jar, /Users/china_015/projects/activator-dist-1.3.6/repository/org.ow2.asm/asm-util/4.1/jars/asm-util.jar, /Users/china_015/projects/activator-dist-1.3.6/repository/commons-io/commons-io/2.4/jars/commons-io.jar),Some(/Users/china_015/.ivy2/cache/com.typesafe.play/play-omnidoc_2.11/jars/play-omnidoc_2.11-2.4.4.jar),List(),9000,0.0.0.0,DefaultWatchService,List(/Users/china_015/GitHub/RaBhome/public, /Users/china_015/GitHub/RaBhome/conf, /Users/china_015/GitHub/RaBhome/app),/Users/china_015/GitHub/RaBhome/target,500,root/playForkNotifyStart,root/playForkReload,300000,play.core.server.DevServerStart),scala.pickling.PicklerUnpickler$DelegatingPicklerUnpickler@12d7fc2d),ForkConfig(/Users/china_015/GitHub/RaBhome,List(),List(/Users/china_015/.ivy2/cache/org.scala-lang/scala-library/jars/scala-library-2.11.6.jar, /Users/china_015/projects/activator-dist-1.3.6/repository/com.typesafe.play/twirl-api_2.11/1.1.1/jars/twirl-api_2.11.jar, /Users/china_015/projects/activator-dist-1.3.6/repository/org.apache.commons/commons-lang3/3.4/jars/commons-lang3.jar, /Users/china_015/.ivy2/cache/org.scala-lang.modules/scala-xml_2.11/bundles/scala-xml_2.11-1.0.1.jar, /Users/china_015/.ivy2/cache/com.typesafe.play/play-server_2.11/jars/play-server_2.11-2.4.4.jar, /Users/china_015/.ivy2/cache/com.typesafe.play/play_2.11/jars/play_2.11-2.4.4.jar, /Users/china_015/.ivy2/cache/com.typesafe.play/build-link/jars/build-link-2.4.4.jar, /Users/china_015/.ivy2/cache/com.typesafe.play/play-exceptions/jars/play-exceptions-2.4.4.jar, /Users/china_015/projects/activator-dist-1.3.6/repository/org.javassist/javassist/3.19.0-GA/bundles/javassist.jar, /Users/china_015/.ivy2/cache/com.typesafe.play/play-iteratees_2.11/jars/play-iteratees_2.11-2.4.4.jar, /Users/china_015/.ivy2/cache/org.scala-stm/scala-stm_2.11/jars/scala-stm_2.11-0.7.jar, /Users/china_015/projects/activator-dist-1.3.6/repository/com.typesafe/config/1.3.0/bundles/config.jar, /Users/china_015/.ivy2/cache/com.typesafe.play/play-json_2.11/jars/play-json_2.11-2.4.4.jar, /Users/china_015/.ivy2/cache/com.typesafe.play/play-functional_2.11/jars/play-functional_2.11-2.4.4.jar, /Users/china_015/.ivy2/cache/com.typesafe.play/play-datacommons_2.11/jars/play-datacommons_2.11-2.4.4.jar, /Users/china_015/projects/activator-dist-1.3.6/repository/joda-time/joda-time/2.8.1/jars/joda-time.jar, /Users/china_015/projects/activator-dist-1.3.6/repository/org.joda/joda-convert/1.7/jars/joda-convert.jar, /Users/china_015/.ivy2/cache/org.scala-lang/scala-reflect/jars/scala-reflect-2.11.6.jar, /Users/china_015/projects/activator-dist-1.3.6/repository/com.fasterxml.jackson.core/jackson-core/2.5.4/bundles/jackson-core.jar, /Users/china_015/projects/activator-dist-1.3.6/repository/com.fasterxml.jackson.core/jackson-annotations/2.5.4/bundles/jackson-annotations.jar, /Users/china_015/projects/activator-dist-1.3.6/repository/com.fasterxml.jackson.core/jackson-databind/2.5.4/bundles/jackson-databind.jar, /Users/china_015/projects/activator-dist-1.3.6/repository/com.fasterxml.jackson.datatype/jackson-datatype-jdk8/2.5.4/bundles/jackson-datatype-jdk8.jar, /Users/china_015/projects/activator-dist-1.3.6/repository/com.fasterxml.jackson.datatype/jackson-datatype-jsr310/2.5.4/bundles/jackson-datatype-jsr310.jar, /Users/china_015/.ivy2/cache/com.typesafe.play/play-netty-utils/jars/play-netty-utils-2.4.4.jar, /Users/china_015/projects/activator-dist-1.3.6/repository/org.slf4j/slf4j-api/1.7.12/jars/slf4j-api.jar, /Users/china_015/projects/activator-dist-1.3.6/repository/org.slf4j/jul-to-slf4j/1.7.12/jars/jul-to-slf4j.jar, /Users/china_015/projects/activator-dist-1.3.6/repository/org.slf4j/jcl-over-slf4j/1.7.12/jars/jcl-over-slf4j.jar, /Users/china_015/.ivy2/cache/org.scala-lang.modules/scala-parser-combinators_2.11/bundles/scala-parser-combinators_2.11-1.0.1.jar, /Users/china_015/projects/activator-dist-1.3.6/repository/ch.qos.logback/logback-core/1.1.3/jars/logback-core.jar, /Users/china_015/projects/activator-dist-1.3.6/repository/ch.qos.logback/logback-classic/1.1.3/jars/logback-classic.jar, /Users/china_015/.ivy2/cache/com.typesafe.akka/akka-actor_2.11/jars/akka-actor_2.11-2.3.13.jar, /Users/china_015/.ivy2/cache/com.typesafe.akka/akka-slf4j_2.11/jars/akka-slf4j_2.11-2.3.13.jar, /Users/china_015/projects/activator-dist-1.3.6/repository/commons-codec/commons-codec/1.10/jars/commons-codec.jar, /Users/china_015/.ivy2/cache/xerces/xercesImpl/jars/xercesImpl-2.11.0.jar, /Users/china_015/.ivy2/cache/xml-apis/xml-apis/jars/xml-apis-1.4.01.jar, /Users/china_015/.ivy2/cache/javax.transaction/jta/jars/jta-1.1.jar, /Users/china_015/projects/activator-dist-1.3.6/repository/com.google.inject/guice/4.0/jars/guice.jar, /Users/china_015/projects/activator-dist-1.3.6/repository/javax.inject/javax.inject/1/jars/javax.inject.jar, /Users/china_015/projects/activator-dist-1.3.6/repository/aopalliance/aopalliance/1.0/jars/aopalliance.jar, /Users/china_015/projects/activator-dist-1.3.6/repository/com.google.inject.extensions/guice-assistedinject/4.0/jars/guice-assistedinject.jar, /Users/china_015/.ivy2/cache/com.typesafe.play/play-netty-server_2.11/jars/play-netty-server_2.11-2.4.4.jar, /Users/china_015/.ivy2/cache/io.netty/netty/bundles/netty-3.10.4.Final.jar, /Users/china_015/projects/activator-dist-1.3.6/repository/com.typesafe.netty/netty-http-pipelining/1.1.4/jars/netty-http-pipelining.jar, /Users/china_015/.ivy2/cache/com.typesafe.play/play-jdbc_2.11/jars/play-jdbc_2.11-2.4.4.jar, /Users/china_015/.ivy2/cache/com.typesafe.play/play-jdbc-api_2.11/jars/play-jdbc-api_2.11-2.4.4.jar, /Users/china_015/projects/activator-dist-1.3.6/repository/com.jolbox/bonecp/0.8.0.RELEASE/bundles/bonecp.jar, /Users/china_015/projects/activator-dist-1.3.6/repository/com.zaxxer/HikariCP/2.3.7/bundles/HikariCP.jar, /Users/china_015/projects/activator-dist-1.3.6/repository/com.h2database/h2/1.4.187/jars/h2.jar, /Users/china_015/projects/activator-dist-1.3.6/repository/tyrex/tyrex/1.0.1/jars/tyrex.jar, /Users/china_015/.ivy2/cache/com.typesafe.play/play-cache_2.11/jars/play-cache_2.11-2.4.4.jar, /Users/china_015/projects/activator-dist-1.3.6/repository/net.sf.ehcache/ehcache-core/2.6.11/jars/ehcache-core.jar, /Users/china_015/.ivy2/cache/com.typesafe.play/play-ws_2.11/jars/play-ws_2.11-2.4.4.jar, /Users/china_015/projects/activator-dist-1.3.6/repository/com.google.guava/guava/18.0/bundles/guava.jar, /Users/china_015/projects/activator-dist-1.3.6/repository/com.ning/async-http-client/1.9.21/jars/async-http-client.jar, /Users/china_015/.ivy2/cache/oauth.signpost/signpost-core/jars/signpost-core-1.2.1.2.jar, /Users/china_015/.ivy2/cache/oauth.signpost/signpost-commonshttp4/jars/signpost-commonshttp4-1.2.1.2.jar, /Users/china_015/projects/activator-dist-1.3.6/repository/org.apache.httpcomponents/httpcore/4.0.1/jars/httpcore.jar, /Users/china_015/projects/activator-dist-1.3.6/repository/org.apache.httpcomponents/httpclient/4.0.1/jars/httpclient.jar, /Users/china_015/.ivy2/cache/commons-logging/commons-logging/jars/commons-logging-1.1.1.jar),List((public/,/Users/china_015/GitHub/RaBhome/target/web/public/main)),List(/Users/china_015/.ivy2/cache/com.typesafe.play/play-omnidoc_2.11/jars/play-omnidoc_2.11-2.4.4.jar, /Users/china_015/.ivy2/cache/org.scala-lang/scala-library/jars/scala-library-2.11.6.jar, /Users/china_015/.ivy2/cache/com.typesafe.play/play-docs_2.11/jars/play-docs_2.11-2.4.4.jar, /Users/china_015/.ivy2/cache/com.typesafe.play/play-netty-server_2.11/jars/play-netty-server_2.11-2.4.4.jar, /Users/china_015/.ivy2/cache/com.typesafe.play/play-server_2.11/jars/play-server_2.11-2.4.4.jar, /Users/china_015/.ivy2/cache/com.typesafe.play/play_2.11/jars/play_2.11-2.4.4.jar, /Users/china_015/.ivy2/cache/com.typesafe.play/build-link/jars/build-link-2.4.4.jar, /Users/china_015/.ivy2/cache/com.typesafe.play/play-exceptions/jars/play-exceptions-2.4.4.jar, /Users/china_015/projects/activator-dist-1.3.6/repository/org.javassist/javassist/3.19.0-GA/bundles/javassist.jar, /Users/china_015/.ivy2/cache/com.typesafe.play/play-iteratees_2.11/jars/play-iteratees_2.11-2.4.4.jar, /Users/china_015/.ivy2/cache/org.scala-stm/scala-stm_2.11/jars/scala-stm_2.11-0.7.jar, /Users/china_015/projects/activator-dist-1.3.6/repository/com.typesafe/config/1.3.0/bundles/config.jar, /Users/china_015/.ivy2/cache/com.typesafe.play/play-json_2.11/jars/play-json_2.11-2.4.4.jar, /Users/china_015/.ivy2/cache/com.typesafe.play/play-functional_2.11/jars/play-functional_2.11-2.4.4.jar, /Users/china_015/.ivy2/cache/com.typesafe.play/play-datacommons_2.11/jars/play-datacommons_2.11-2.4.4.jar, /Users/china_015/projects/activator-dist-1.3.6/repository/joda-time/joda-time/2.8.1/jars/joda-time.jar, /Users/china_015/projects/activator-dist-1.3.6/repository/org.joda/joda-convert/1.7/jars/joda-convert.jar, /Users/china_015/.ivy2/cache/org.scala-lang/scala-reflect/jars/scala-reflect-2.11.6.jar, /Users/china_015/projects/activator-dist-1.3.6/repository/com.fasterxml.jackson.core/jackson-core/2.5.4/bundles/jackson-core.jar, /Users/china_015/projects/activator-dist-1.3.6/repository/com.fasterxml.jackson.core/jackson-annotations/2.5.4/bundles/jackson-annotations.jar, /Users/china_015/projects/activator-dist-1.3.6/repository/com.fasterxml.jackson.core/jackson-databind/2.5.4/bundles/jackson-databind.jar, /Users/china_015/projects/activator-dist-1.3.6/repository/com.fasterxml.jackson.datatype/jackson-datatype-jdk8/2.5.4/bundles/jackson-datatype-jdk8.jar, /Users/china_015/projects/activator-dist-1.3.6/repository/com.fasterxml.jackson.datatype/jackson-datatype-jsr310/2.5.4/bundles/jackson-datatype-jsr310.jar, /Users/china_015/.ivy2/cache/com.typesafe.play/play-netty-utils/jars/play-netty-utils-2.4.4.jar, /Users/china_015/projects/activator-dist-1.3.6/repository/org.slf4j/slf4j-api/1.7.12/jars/slf4j-api.jar, /Users/china_015/projects/activator-dist-1.3.6/repository/org.slf4j/jul-to-slf4j/1.7.12/jars/jul-to-slf4j.jar, /Users/china_015/projects/activator-dist-1.3.6/repository/org.slf4j/jcl-over-slf4j/1.7.12/jars/jcl-over-slf4j.jar, /Users/china_015/projects/activator-dist-1.3.6/repository/com.typesafe.play/twirl-api_2.11/1.1.1/jars/twirl-api_2.11.jar, /Users/china_015/projects/activator-dist-1.3.6/repository/org.apache.commons/commons-lang3/3.4/jars/commons-lang3.jar, /Users/china_015/.ivy2/cache/org.scala-lang.modules/scala-xml_2.11/bundles/scala-xml_2.11-1.0.1.jar, /Users/china_015/.ivy2/cache/org.scala-lang.modules/scala-parser-combinators_2.11/bundles/scala-parser-combinators_2.11-1.0.1.jar, /Users/china_015/projects/activator-dist-1.3.6/repository/ch.qos.logback/logback-core/1.1.3/jars/logback-core.jar, /Users/china_015/projects/activator-dist-1.3.6/repository/ch.qos.logback/logback-classic/1.1.3/jars/logback-classic.jar, /Users/china_015/.ivy2/cache/com.typesafe.akka/akka-actor_2.11/jars/akka-actor_2.11-2.3.13.jar, /Users/china_015/.ivy2/cache/com.typesafe.akka/akka-slf4j_2.11/jars/akka-slf4j_2.11-2.3.13.jar, /Users/china_015/projects/activator-dist-1.3.6/repository/commons-codec/commons-codec/1.10/jars/commons-codec.jar, /Users/china_015/.ivy2/cache/xerces/xercesImpl/jars/xercesImpl-2.11.0.jar, /Users/china_015/.ivy2/cache/xml-apis/xml-apis/jars/xml-apis-1.4.01.jar, /Users/china_015/.ivy2/cache/javax.transaction/jta/jars/jta-1.1.jar, /Users/china_015/projects/activator-dist-1.3.6/repository/com.google.inject/guice/4.0/jars/guice.jar, /Users/china_015/projects/activator-dist-1.3.6/repository/javax.inject/javax.inject/1/jars/javax.inject.jar, /Users/china_015/projects/activator-dist-1.3.6/repository/aopalliance/aopalliance/1.0/jars/aopalliance.jar, /Users/china_015/.ivy2/cache/com.google.guava/guava/bundles/guava-16.0.1.jar, /Users/china_015/projects/activator-dist-1.3.6/repository/com.google.inject.extensions/guice-assistedinject/4.0/jars/guice-assistedinject.jar, /Users/china_015/.ivy2/cache/io.netty/netty/bundles/netty-3.10.4.Final.jar, /Users/china_015/projects/activator-dist-1.3.6/repository/com.typesafe.netty/netty-http-pipelining/1.1.4/jars/netty-http-pipelining.jar, /Users/china_015/projects/activator-dist-1.3.6/repository/com.typesafe.play/play-doc_2.11/1.2.2/jars/play-doc_2.11.jar, /Users/china_015/projects/activator-dist-1.3.6/repository/org.pegdown/pegdown/1.4.0/jars/pegdown.jar, /Users/china_015/projects/activator-dist-1.3.6/repository/org.parboiled/parboiled-java/1.1.5/bundles/parboiled-java.jar, /Users/china_015/projects/activator-dist-1.3.6/repository/org.parboiled/parboiled-core/1.1.5/bundles/parboiled-core.jar, /Users/china_015/projects/activator-dist-1.3.6/repository/org.ow2.asm/asm/4.1/jars/asm.jar, /Users/china_015/projects/activator-dist-1.3.6/repository/org.ow2.asm/asm-tree/4.1/jars/asm-tree.jar, /Users/china_015/projects/activator-dist-1.3.6/repository/org.ow2.asm/asm-analysis/4.1/jars/asm-analysis.jar, /Users/china_015/projects/activator-dist-1.3.6/repository/org.ow2.asm/asm-util/4.1/jars/asm-util.jar, /Users/china_015/projects/activator-dist-1.3.6/repository/commons-io/commons-io/2.4/jars/commons-io.jar),Some(/Users/china_015/.ivy2/cache/com.typesafe.play/play-omnidoc_2.11/jars/play-omnidoc_2.11-2.4.4.jar),List(),9000,0.0.0.0,DefaultWatchService,List(/Users/china_015/GitHub/RaBhome/public, /Users/china_015/GitHub/RaBhome/conf, /Users/china_015/GitHub/RaBhome/app),/Users/china_015/GitHub/RaBhome/target,500,root/playForkNotifyStart,root/playForkReload,300000,play.core.server.DevServerStart))))
Sending msg to client play-fork-run-a6061103-ff25-478a-aa84-4c249596bfed: TaskStarted(7,426,None)
Sending msg to client play-fork-run-a6061103-ff25-478a-aa84-4c249596bfed: TaskFinished(7,426,None,true,None)
Sending msg to client play-fork-run-a6061103-ff25-478a-aa84-4c249596bfed: TaskStarted(7,425,None)
Sending msg to client play-fork-run-a6061103-ff25-478a-aa84-4c249596bfed: TaskFinished(7,425,None,true,None)
Sending msg to client play-fork-run-a6061103-ff25-478a-aa84-4c249596bfed: DetachedLogEvent(LogMessage(debug,cancel strategy finish enabled=false lastCommand=Some(LastCommand(CommandExecutionWork(ExecutionId(7),{file:/Users/china_015/GitHub/RaBhome/}root/*:playForkConfig,Set(LiveClient(play-fork-run a6061103-ff25-478a-aa84-4c249596bfed)),sbt.server.WorkCancellationStatus$$anon$1@688666ae)))))
Sending msg to client play-fork-run-a6061103-ff25-478a-aa84-4c249596bfed: DetachedLogEvent(LogSuccess(Total time: 0 s, completed 2015-12-10 15:24:55))
Sending msg to client play-fork-run-a6061103-ff25-478a-aa84-4c249596bfed: DetachedLogEvent(LogMessage(debug,> server-post-command-cleanup))
Sending msg to client play-fork-run-a6061103-ff25-478a-aa84-4c249596bfed: ExecutionSuccess(7)
Sending msg to client play-fork-run-a6061103-ff25-478a-aa84-4c249596bfed: DetachedLogEvent(LogMessage(debug,> server-handle-next-server-request))
Sending msg to client play-fork-run-a6061103-ff25-478a-aa84-4c249596bfed: BackgroundJobLogEvent(1,LogMessage(info,))
Sending msg to client play-fork-run-a6061103-ff25-478a-aa84-4c249596bfed: BackgroundJobLogEvent(1,LogMessage(info,[35m--- (Running the application, auto-reloading is enabled) ---[0m))
Sending msg to client play-fork-run-a6061103-ff25-478a-aa84-4c249596bfed: BackgroundJobLogEvent(1,LogMessage(info,))
Sending msg to client play-fork-run-a6061103-ff25-478a-aa84-4c249596bfed: BackgroundJobLogEvent(1,LogMessage(info,p.c.s.NettyServer - Listening for HTTP on /0:0:0:0:0:0:0:0:9000))
Sending msg to client play-fork-run-a6061103-ff25-478a-aa84-4c249596bfed: BackgroundJobLogEvent(1,LogMessage(info,))
Sending msg to client play-fork-run-a6061103-ff25-478a-aa84-4c249596bfed: BackgroundJobLogEvent(1,LogMessage(info,[32m(Server started, use Ctrl+D to stop and go back to the console...)[0m))
Sending msg to client play-fork-run-a6061103-ff25-478a-aa84-4c249596bfed: BackgroundJobLogEvent(1,LogMessage(info,))
Got request: ExecutionRequest(root/playForkNotifyStart http://localhost:9000)
Reading next message from client.
Sending msg to client play-fork-run-a6061103-ff25-478a-aa84-4c249596bfed: (8,ExecutionRequestReceived(8))
Sending msg to client play-fork-run-a6061103-ff25-478a-aa84-4c249596bfed: ExecutionWaiting(8,root/playForkNotifyStart http://localhost:9000,ClientInfo(a6061103-ff25-478a-aa84-4c249596bfed,play-fork-run,Play Fork Run,1,Vector()))
Sending msg to client play-fork-run-a6061103-ff25-478a-aa84-4c249596bfed: ExecutionStarting(8)
Sending msg to client play-fork-run-a6061103-ff25-478a-aa84-4c249596bfed: DetachedLogEvent(LogMessage(debug,> root/playForkNotifyStart http://localhost:9000))
Sending msg to client play-fork-run-a6061103-ff25-478a-aa84-4c249596bfed: DetachedLogEvent(LogMessage(debug,Evaluating tasks: *:playForkNotifyStart))
Sending msg to client play-fork-run-a6061103-ff25-478a-aa84-4c249596bfed: DetachedLogEvent(LogMessage(debug,Running task... Cancel: sbt.server.ServerTaskCancellation@35dbdba, check cycles: false))
Sending msg to client play-fork-run-a6061103-ff25-478a-aa84-4c249596bfed: DetachedLogEvent(LogMessage(debug,cancel strategy start enabled=true lastCommand=Some(LastCommand(CommandExecutionWork(ExecutionId(8),root/playForkNotifyStart http://localhost:9000,Set(LiveClient(play-fork-run a6061103-ff25-478a-aa84-4c249596bfed)),sbt.server.WorkCancellationStatus$$anon$1@10a2e402)))))
Sending msg to client play-fork-run-a6061103-ff25-478a-aa84-4c249596bfed: TaskStarted(8,503,Some(AttributeKey[sbt.SendEventService]("sendEventService") in Scope(Global)))
Sending msg to client play-fork-run-a6061103-ff25-478a-aa84-4c249596bfed: TaskFinished(8,503,Some(AttributeKey[sbt.SendEventService]("sendEventService") in Scope(Global)),true,None)
Sending msg to client play-fork-run-a6061103-ff25-478a-aa84-4c249596bfed: TaskStarted(8,502,Some(AttributeKey[scala.Function1[java.lang.String,void]]("playForkStarted") in Scope(Build: file:/Users/china_015/GitHub/RaBhome/, , Project: ProjectReference(file:/Users/china_015/GitHub/RaBhome/,root))))
Sending msg to client play-fork-run-a6061103-ff25-478a-aa84-4c249596bfed: TaskFinished(8,502,Some(AttributeKey[scala.Function1[java.lang.String,void]]("playForkStarted") in Scope(Build: file:/Users/china_015/GitHub/RaBhome/, , Project: ProjectReference(file:/Users/china_015/GitHub/RaBhome/,root))),true,None)
Sending msg to client play-fork-run-a6061103-ff25-478a-aa84-4c249596bfed: TaskStarted(8,501,Some(AttributeKey[void]("playForkNotifyStart") in Scope(Build: file:/Users/china_015/GitHub/RaBhome/, , Project: ProjectReference(file:/Users/china_015/GitHub/RaBhome/,root))))
Sending msg to client play-fork-run-a6061103-ff25-478a-aa84-4c249596bfed: TaskEvent(501,LazyValue(PlayServerStarted(http://localhost:9000),play.forkrun.protocol.Serializers$PlayForkrunProtocolPlayServerStartedPickler1$2$@74289d79))
Sending msg to client play-fork-run-a6061103-ff25-478a-aa84-4c249596bfed: TaskFinished(8,501,Some(AttributeKey[void]("playForkNotifyStart") in Scope(Build: file:/Users/china_015/GitHub/RaBhome/, , Project: ProjectReference(file:/Users/china_015/GitHub/RaBhome/,root))),true,None)
Sending msg to client play-fork-run-a6061103-ff25-478a-aa84-4c249596bfed: TaskStarted(8,500,None)
Sending msg to client play-fork-run-a6061103-ff25-478a-aa84-4c249596bfed: TaskFinished(8,500,None,true,None)
Sending msg to client play-fork-run-a6061103-ff25-478a-aa84-4c249596bfed: TaskStarted(8,499,None)
Sending msg to client play-fork-run-a6061103-ff25-478a-aa84-4c249596bfed: TaskFinished(8,499,None,true,None)
Sending msg to client play-fork-run-a6061103-ff25-478a-aa84-4c249596bfed: DetachedLogEvent(LogMessage(debug,cancel strategy finish enabled=false lastCommand=Some(LastCommand(CommandExecutionWork(ExecutionId(8),root/playForkNotifyStart http://localhost:9000,Set(LiveClient(play-fork-run a6061103-ff25-478a-aa84-4c249596bfed)),sbt.server.WorkCancellationStatus$$anon$1@10a2e402)))))
Sending msg to client play-fork-run-a6061103-ff25-478a-aa84-4c249596bfed: DetachedLogEvent(LogSuccess(Total time: 0 s, completed 2015-12-10 15:24:57))
Sending msg to client play-fork-run-a6061103-ff25-478a-aa84-4c249596bfed: DetachedLogEvent(LogMessage(debug,> server-post-command-cleanup))
Sending msg to client play-fork-run-a6061103-ff25-478a-aa84-4c249596bfed: ExecutionSuccess(8)
Sending msg to client play-fork-run-a6061103-ff25-478a-aa84-4c249596bfed: DetachedLogEvent(LogMessage(debug,> server-handle-next-server-request))
Client play-fork-run-a6061103-ff25-478a-aa84-4c249596bfed closed, java.net.SocketException: Socket closed, shutting down
Client play-fork-run-a6061103-ff25-478a-aa84-4c249596bfed thread exiting.
Dropping message (0,ReceivedResponse()) to dead client play-fork-run-a6061103-ff25-478a-aa84-4c249596bfed
Closing the 1281@china-015deiMac.local logs at Thu Dec 10 15:54:55 CST 2015, goodbye.
